Build started 11/21/2023 6:59:01 PM.
     1>Project "C:\Users\Risper\documents\visual studio 2010\Projects\hut\hut\hut.vcxproj" on node 2 (build target(s)).
     1>InitializeBuildStatus:
         Creating "Debug\hut.unsuccessfulbuild" because "AlwaysCreate" was specified.
       ClCompile:
         C:\Program Files (x86)\Microsoft Visual Studio 10.0\VC\bin\CL.exe /c /ZI /nologo /W3 /WX- /Od /Oy- /D WIN32 /D _DEBUG /D _CONSOLE /D _UNICODE /D UNICODE /Gm /EHsc /RTC1 /MDd /GS /fp:precise /Zc:wchar_t /Zc:forScope /Fo"Debug\\" /Fd"Debug\vc100.pdb" /Gd /TP /analyze- /errorReport:prompt hut.cpp
         hut.cpp
       ManifestResourceCompile:
         All outputs are up-to-date.
       Link:
         C:\Program Files (x86)\Microsoft Visual Studio 10.0\VC\bin\link.exe /ERRORREPORT:PROMPT /OUT:"C:\Users\Risper\documents\visual studio 2010\Projects\hut\Debug\hut.exe" /INCREMENTAL /NOLOGO kernel32.lib user32.lib gdi32.lib winspool.lib comdlg32.lib advapi32.lib shell32.lib ole32.lib oleaut32.lib uuid.lib odbc32.lib odbccp32.lib /MANIFEST /ManifestFile:"Debug\hut.exe.intermediate.manifest" /MANIFESTUAC:"level='asInvoker' uiAccess='false'" /DEBUG /PDB:"C:\Users\Risper\documents\visual studio 2010\Projects\hut\Debug\hut.pdb" /SUBSYSTEM:CONSOLE /TLBID:1 /DYNAMICBASE /NXCOMPAT /IMPLIB:"C:\Users\Risper\documents\visual studio 2010\Projects\hut\Debug\hut.lib" /MACHINE:X86 Debug\hut.exe.embed.manifest.res
         Debug\hut.obj
       Manifest:
         C:\Program Files (x86)\Microsoft SDKs\Windows\v7.0A\bin\mt.exe /nologo /verbose /out:"Debug\hut.exe.embed.manifest" /manifest Debug\hut.exe.intermediate.manifest
         All outputs are up-to-date.
       LinkEmbedManifest:
         All outputs are up-to-date.
         hut.vcxproj -> C:\Users\Risper\documents\visual studio 2010\Projects\hut\Debug\hut.exe
       FinalizeBuildStatus:
         Deleting file "Debug\hut.unsuccessfulbuild".
         Touching "Debug\hut.lastbuildstate".
     1>Done Building Project "C:\Users\Risper\documents\visual studio 2010\Projects\hut\hut\hut.vcxproj" (build target(s)).

Build succeeded.

Time Elapsed 00:00:03.48
